[debug] ----------------------------------------------------------------------
[debug] Command:      C:\Program Files\nodejs\node.exe C:\Program Files\nodejs\node_modules\firebase-tools\bin\firebase serve
[debug] CLI Version:  3.2.1
[debug] Platform:     win32
[debug] Node Version: v6.9.2
[debug] Time:         Fri Jan 06 2017 08:48:32 GMT+0000 (GMT Standard Time)
[debug] ----------------------------------------------------------------------
[debug] 
[info] Starting Firebase development server...
[info] 
[info] Project Directory: C:\wamp\www\Website
[info] Public Directory: build
[info] 
[info] Server listening at: http://localhost:5000
[debug] ----------------------------------------------------------------------
[debug] Command:      C:\Program Files\nodejs\node.exe C:\Program Files\nodejs\node_modules\firebase-tools\bin\firebase serve
[debug] CLI Version:  3.2.1
[debug] Platform:     win32
[debug] Node Version: v6.9.2
[debug] Time:         Fri Jan 06 2017 08:51:35 GMT+0000 (GMT Standard Time)
[debug] ----------------------------------------------------------------------
[debug] 
[info] Starting Firebase development server...
[info] 
[info] Project Directory: C:\wamp\www\Website
[info] Public Directory: build
[info] 
[info] Server listening at: http://localhost:5000
